Build started 14/10/2015 15:48:47.
     1>Project "D:\Users\David\Documents\GitHub\GameDevelopment\desenvolupament_classe_1\Motor2D\Motor2D.vcxproj" on node 2 (Build target(s)).
     1>ClCompile:
         D:\Program Files (x86)\Microsoft Visual Studio 12.0\VC\bin\CL.exe /c /ZI /nologo /W3 /WX- /sdl /Od /Oy- /D _ITERATOR_DEBUG_LEVEL=0 /D _MBCS /Gm /EHsc /RTC1 /MD /GS /fp:precise /Zc:wchar_t /Zc:forScope /Fo"Debug\\" /Fd"Debug\vc120.pdb" /Gd /TP /showIncludes /analyze- /errorReport:prompt j1FileSystem.cpp
         j1FileSystem.cpp
         Note: including file: d:\users\david\documents\github\gamedevelopment\desenvolupament_classe_1\motor2d\j1FileSystem.h
         Note: including file:  d:\users\david\documents\github\gamedevelopment\desenvolupament_classe_1\motor2d\j1Module.h
         Note: including file:   d:\users\david\documents\github\gamedevelopment\desenvolupament_classe_1\motor2d\p2SString.h
         Note: including file:    D:\Program Files (x86)\Microsoft Visual Studio 12.0\VC\include\stdlib.h
         Note: including file:     D:\Program Files (x86)\Microsoft Visual Studio 12.0\VC\include\crtdefs.h
         Note: including file:      D:\Program Files (x86)\Microsoft Visual Studio 12.0\VC\include\sal.h
         Note: including file:       D:\Program Files (x86)\Microsoft Visual Studio 12.0\VC\include\ConcurrencySal.h
         Note: including file:      D:\Program Files (x86)\Microsoft Visual Studio 12.0\VC\include\vadefs.h
         Note: including file:     D:\Program Files (x86)\Microsoft Visual Studio 12.0\VC\include\limits.h
         Note: including file:      D:\Program Files (x86)\Microsoft Visual Studio 12.0\VC\include\crtdefs.h
         Note: including file:    D:\Program Files (x86)\Microsoft Visual Studio 12.0\VC\include\stdarg.h
         Note: including file:     D:\Program Files (x86)\Microsoft Visual Studio 12.0\VC\include\crtdefs.h
         Note: including file:    D:\Program Files (x86)\Microsoft Visual Studio 12.0\VC\include\string.h
         Note: including file:     D:\Program Files (x86)\Microsoft Visual Studio 12.0\VC\include\crtdefs.h
         Note: including file:    D:\Program Files (x86)\Microsoft Visual Studio 12.0\VC\include\assert.h
         Note: including file:     D:\Program Files (x86)\Microsoft Visual Studio 12.0\VC\include\crtdefs.h
         Note: including file:    d:\users\david\documents\github\gamedevelopment\desenvolupament_classe_1\motor2d\p2Defs.h
         Note: including file:     D:\Program Files (x86)\Microsoft Visual Studio 12.0\VC\include\stdio.h
         Note: including file:      D:\Program Files (x86)\Microsoft Visual Studio 12.0\VC\include\crtdefs.h
         Note: including file:      D:\Program Files (x86)\Microsoft Visual Studio 12.0\VC\include\swprintf.inl
         Note: including file:  d:\users\david\documents\github\gamedevelopment\desenvolupament_classe_1\motor2d\PhysFS\include\physfs.h
         Note: including file:  d:\users\david\documents\github\gamedevelopment\desenvolupament_classe_1\motor2d\p2List.h
         Note: including file:  d:\users\david\documents\github\gamedevelopment\desenvolupament_classe_1\motor2d\p2Log.h
         Note: including file:   C:\Program Files (x86)\Windows Kits\8.1\Include\um\windows.h
         Note: including file:    C:\Program Files (x86)\Windows Kits\8.1\Include\shared\winapifamily.h
         Note: including file:    C:\Program Files (x86)\Windows Kits\8.1\Include\shared\sdkddkver.h
         Note: including file:    D:\Program Files (x86)\Microsoft Visual Studio 12.0\VC\include\excpt.h
         Note: including file:     D:\Program Files (x86)\Microsoft Visual Studio 12.0\VC\include\crtdefs.h
         Note: including file:    C:\Program Files (x86)\Windows Kits\8.1\Include\shared\windef.h
         Note: including file:     C:\Program Files (x86)\Windows Kits\8.1\Include\shared\minwindef.h
         Note: including file:      C:\Program Files (x86)\Windows Kits\8.1\Include\shared\specstrings.h
         Note: including file:       C:\Program Files (x86)\Windows Kits\8.1\Include\shared\specstrings_strict.h
         Note: including file:        C:\Program Files (x86)\Windows Kits\8.1\Include\shared\specstrings_undef.h
         Note: including file:       C:\Program Files (x86)\Windows Kits\8.1\Include\shared\driverspecs.h
         Note: including file:        c:\program files (x86)\windows kits\8.1\include\shared\sdv_driverspecs.h
         Note: including file:      C:\Program Files (x86)\Windows Kits\8.1\Include\um\winnt.h
         Note: including file:       D:\Program Files (x86)\Microsoft Visual Studio 12.0\VC\include\ctype.h
         Note: including file:        D:\Program Files (x86)\Microsoft Visual Studio 12.0\VC\include\crtdefs.h
         Note: including file:       C:\Program Files (x86)\Windows Kits\8.1\Include\shared\kernelspecs.h
         Note: including file:       C:\Program Files (x86)\Windows Kits\8.1\Include\shared\basetsd.h
         Note: including file:       C:\Program Files (x86)\Windows Kits\8.1\Include\shared\guiddef.h
         Note: including file:       c:\program files (x86)\windows kits\8.1\include\shared\pshpack4.h
         Note: including file:       c:\program files (x86)\windows kits\8.1\include\shared\poppack.h
         Note: including file:       c:\program files (x86)\windows kits\8.1\include\shared\pshpack4.h
         Note: including file:       c:\program files (x86)\windows kits\8.1\include\shared\poppack.h
         Note: including file:       C:\Program Files (x86)\Windows Kits\8.1\Include\shared\pshpack4.h
         Note: including file:       C:\Program Files (x86)\Windows Kits\8.1\Include\shared\poppack.h
         Note: including file:       c:\program files (x86)\windows kits\8.1\include\shared\pshpack4.h
         Note: including file:       c:\program files (x86)\windows kits\8.1\include\shared\pshpack2.h
         Note: including file:       c:\program files (x86)\windows kits\8.1\include\shared\poppack.h
         Note: including file:       c:\program files (x86)\windows kits\8.1\include\shared\pshpack2.h
         Note: including file:       C:\Program Files (x86)\Windows Kits\8.1\Include\shared\pshpack2.h
         Note: including file:       C:\Program Files (x86)\Windows Kits\8.1\Include\shared\poppack.h
         Note: including file:       c:\program files (x86)\windows kits\8.1\include\shared\poppack.h
         Note: including file:       c:\program files (x86)\windows kits\8.1\include\shared\pshpack8.h
         Note: including file:       c:\program files (x86)\windows kits\8.1\include\shared\poppack.h
         Note: including file:       c:\program files (x86)\windows kits\8.1\include\shared\poppack.h
         Note: including file:       C:\Program Files (x86)\Windows Kits\8.1\Include\shared\apiset.h
         Note: including file:       C:\Program Files (x86)\Windows Kits\8.1\Include\shared\ktmtypes.h
         Note: including file:    C:\Program Files (x86)\Windows Kits\8.1\Include\um\winbase.h
         Note: including file:     C:\Program Files (x86)\Windows Kits\8.1\Include\shared\apisetcconv.h
         Note: including file:     C:\Program Files (x86)\Windows Kits\8.1\Include\um\minwinbase.h
         Note: including file:     C:\Program Files (x86)\Windows Kits\8.1\Include\um\processenv.h
         Note: including file:     C:\Program Files (x86)\Windows Kits\8.1\Include\um\fileapi.h
         Note: including file:     C:\Program Files (x86)\Windows Kits\8.1\Include\um\debugapi.h
         Note: including file:     C:\Program Files (x86)\Windows Kits\8.1\Include\um\utilapiset.h
         Note: including file:     C:\Program Files (x86)\Windows Kits\8.1\Include\um\handleapi.h
         Note: including file:     C:\Program Files (x86)\Windows Kits\8.1\Include\um\errhandlingapi.h
         Note: including file:     C:\Program Files (x86)\Windows Kits\8.1\Include\um\fibersapi.h
         Note: including file:     C:\Program Files (x86)\Windows Kits\8.1\Include\um\namedpipeapi.h
         Note: including file:     C:\Program Files (x86)\Windows Kits\8.1\Include\um\profileapi.h
         Note: including file:     C:\Program Files (x86)\Windows Kits\8.1\Include\um\heapapi.h
         Note: including file:     C:\Program Files (x86)\Windows Kits\8.1\Include\um\ioapiset.h
         Note: including file:     C:\Program Files (x86)\Windows Kits\8.1\Include\um\synchapi.h
         Note: including file:     C:\Program Files (x86)\Windows Kits\8.1\Include\um\interlockedapi.h
         Note: including file:     C:\Program Files (x86)\Windows Kits\8.1\Include\um\processthreadsapi.h
         Note: including file:     C:\Program Files (x86)\Windows Kits\8.1\Include\um\sysinfoapi.h
         Note: including file:     C:\Program Files (x86)\Windows Kits\8.1\Include\um\memoryapi.h
         Note: including file:     C:\Program Files (x86)\Windows Kits\8.1\Include\um\threadpoollegacyapiset.h
         Note: including file:     C:\Program Files (x86)\Windows Kits\8.1\Include\um\threadpoolapiset.h
         Note: including file:     C:\Program Files (x86)\Windows Kits\8.1\Include\um\bemapiset.h
         Note: including file:     C:\Program Files (x86)\Windows Kits\8.1\Include\um\jobapi.h
         Note: including file:     C:\Program Files (x86)\Windows Kits\8.1\Include\um\wow64apiset.h
         Note: including file:     C:\Program Files (x86)\Windows Kits\8.1\Include\um\libloaderapi.h
         Note: including file:     C:\Program Files (x86)\Windows Kits\8.1\Include\um\securitybaseapi.h
         Note: including file:     C:\Program Files (x86)\Windows Kits\8.1\Include\um\namespaceapi.h
         Note: including file:     C:\Program Files (x86)\Windows Kits\8.1\Include\um\systemtopologyapi.h
         Note: including file:     C:\Program Files (x86)\Windows Kits\8.1\Include\um\processtopologyapi.h
         Note: including file:     C:\Program Files (x86)\Windows Kits\8.1\Include\um\securityappcontainer.h
         Note: including file:     C:\Program Files (x86)\Windows Kits\8.1\Include\um\realtimeapiset.h
         Note: including file:     C:\Program Files (x86)\Windows Kits\8.1\Include\shared\winerror.h
         Note: including file:     C:\Program Files (x86)\Windows Kits\8.1\Include\um\timezoneapi.h
         Note: including file:    C:\Program Files (x86)\Windows Kits\8.1\Include\um\wingdi.h
         Note: including file:     C:\Program Files (x86)\Windows Kits\8.1\Include\shared\pshpack1.h
         Note: including file:     C:\Program Files (x86)\Windows Kits\8.1\Include\shared\poppack.h
         Note: including file:     C:\Program Files (x86)\Windows Kits\8.1\Include\shared\pshpack2.h
         Note: including file:     C:\Program Files (x86)\Windows Kits\8.1\Include\shared\poppack.h
         Note: including file:     C:\Program Files (x86)\Windows Kits\8.1\Include\shared\pshpack2.h
         Note: including file:     C:\Program Files (x86)\Windows Kits\8.1\Include\shared\poppack.h
         Note: including file:     C:\Program Files (x86)\Windows Kits\8.1\Include\shared\pshpack4.h
         Note: including file:     C:\Program Files (x86)\Windows Kits\8.1\Include\shared\poppack.h
         Note: including file:     C:\Program Files (x86)\Windows Kits\8.1\Include\shared\pshpack4.h
         Note: including file:     C:\Program Files (x86)\Windows Kits\8.1\Include\shared\poppack.h
         Note: including file:    C:\Program Files (x86)\Windows Kits\8.1\Include\um\winuser.h
         Note: including file:     C:\Program Files (x86)\Windows Kits\8.1\Include\shared\pshpack2.h
         Note: including file:     C:\Program Files (x86)\Windows Kits\8.1\Include\shared\poppack.h
         Note: including file:     C:\Program Files (x86)\Windows Kits\8.1\Include\shared\tvout.h
         Note: including file:    C:\Program Files (x86)\Windows Kits\8.1\Include\um\winnls.h
         Note: including file:     C:\Program Files (x86)\Windows Kits\8.1\Include\um\datetimeapi.h
         Note: including file:     C:\Program Files (x86)\Windows Kits\8.1\Include\um\stringapiset.h
         Note: including file:      C:\Program Files (x86)\Windows Kits\8.1\Include\um\winnls.h
         Note: including file:    C:\Program Files (x86)\Windows Kits\8.1\Include\um\wincon.h
         Note: including file:     C:\Program Files (x86)\Windows Kits\8.1\Include\um\consoleapi.h
         Note: including file:    C:\Program Files (x86)\Windows Kits\8.1\Include\um\winver.h
         Note: including file:     C:\Program Files (x86)\Windows Kits\8.1\Include\um\verrsrc.h
         Note: including file:    C:\Program Files (x86)\Windows Kits\8.1\Include\um\winreg.h
         Note: including file:     C:\Program Files (x86)\Windows Kits\8.1\Include\um\reason.h
         Note: including file:    C:\Program Files (x86)\Windows Kits\8.1\Include\um\winnetwk.h
         Note: including file:     C:\Program Files (x86)\Windows Kits\8.1\Include\shared\wnnc.h
         Note: including file:    C:\Program Files (x86)\Windows Kits\8.1\Include\shared\cderr.h
         Note: including file:    C:\Program Files (x86)\Windows Kits\8.1\Include\um\dde.h
         Note: including file:    C:\Program Files (x86)\Windows Kits\8.1\Include\um\ddeml.h
         Note: including file:    C:\Program Files (x86)\Windows Kits\8.1\Include\um\dlgs.h
         Note: including file:    C:\Program Files (x86)\Windows Kits\8.1\Include\um\lzexpand.h
         Note: including file:    C:\Program Files (x86)\Windows Kits\8.1\Include\um\mmsystem.h
         Note: including file:     C:\Program Files (x86)\Windows Kits\8.1\Include\um\mmsyscom.h
         Note: including file:      C:\Program Files (x86)\Windows Kits\8.1\Include\shared\pshpack1.h
         Note: including file:      C:\Program Files (x86)\Windows Kits\8.1\Include\shared\poppack.h
         Note: including file:     C:\Program Files (x86)\Windows Kits\8.1\Include\shared\pshpack1.h
         Note: including file:     C:\Program Files (x86)\Windows Kits\8.1\Include\um\mciapi.h
         Note: including file:      C:\Program Files (x86)\Windows Kits\8.1\Include\um\mmsyscom.h
         Note: including file:     C:\Program Files (x86)\Windows Kits\8.1\Include\um\mmiscapi.h
         Note: including file:      C:\Program Files (x86)\Windows Kits\8.1\Include\um\mmsyscom.h
         Note: including file:     C:\Program Files (x86)\Windows Kits\8.1\Include\um\mmiscapi2.h
         Note: including file:      C:\Program Files (x86)\Windows Kits\8.1\Include\um\mmsyscom.h
         Note: including file:     C:\Program Files (x86)\Windows Kits\8.1\Include\um\playsoundapi.h
         Note: including file:      C:\Program Files (x86)\Windows Kits\8.1\Include\um\mmsyscom.h
         Note: including file:     C:\Program Files (x86)\Windows Kits\8.1\Include\um\mmeapi.h
         Note: including file:      C:\Program Files (x86)\Windows Kits\8.1\Include\um\mmsyscom.h
         Note: including file:     C:\Program Files (x86)\Windows Kits\8.1\Include\um\timeapi.h
         Note: including file:      C:\Program Files (x86)\Windows Kits\8.1\Include\um\mmsyscom.h
         Note: including file:     C:\Program Files (x86)\Windows Kits\8.1\Include\um\joystickapi.h
         Note: including file:      C:\Program Files (x86)\Windows Kits\8.1\Include\um\mmsyscom.h
         Note: including file:     C:\Program Files (x86)\Windows Kits\8.1\Include\shared\poppack.h
         Note: including file:    C:\Program Files (x86)\Windows Kits\8.1\Include\um\nb30.h
         Note: including file:    C:\Program Files (x86)\Windows Kits\8.1\Include\shared\rpc.h
         Note: including file:     C:\Program Files (x86)\Windows Kits\8.1\Include\shared\rpcdce.h
         Note: including file:      C:\Program Files (x86)\Windows Kits\8.1\Include\shared\rpcdcep.h
         Note: including file:     C:\Program Files (x86)\Windows Kits\8.1\Include\um\rpcnsi.h
         Note: including file:     C:\Program Files (x86)\Windows Kits\8.1\Include\shared\rpcnterr.h
         Note: including file:     C:\Program Files (x86)\Windows Kits\8.1\Include\shared\rpcasync.h
         Note: including file:    C:\Program Files (x86)\Windows Kits\8.1\Include\um\shellapi.h
         Note: including file:     C:\Program Files (x86)\Windows Kits\8.1\Include\shared\pshpack1.h
         Note: including file:     C:\Program Files (x86)\Windows Kits\8.1\Include\shared\poppack.h
         Note: including file:    C:\Program Files (x86)\Windows Kits\8.1\Include\um\winperf.h
         Note: including file:     C:\Program Files (x86)\Windows Kits\8.1\Include\shared\pshpack8.h
         Note: including file:     C:\Program Files (x86)\Windows Kits\8.1\Include\shared\poppack.h
         Note: including file:    C:\Program Files (x86)\Windows Kits\8.1\Include\um\winsock.h
         Note: including file:     C:\Program Files (x86)\Windows Kits\8.1\Include\shared\inaddr.h
         Note: including file:    C:\Program Files (x86)\Windows Kits\8.1\Include\um\wincrypt.h
         Note: including file:     C:\Program Files (x86)\Windows Kits\8.1\Include\shared\bcrypt.h
         Note: including file:     C:\Program Files (x86)\Windows Kits\8.1\Include\um\ncrypt.h
         Note: including file:     C:\Program Files (x86)\Windows Kits\8.1\Include\um\dpapi.h
         Note: including file:    C:\Program Files (x86)\Windows Kits\8.1\Include\um\winefs.h
         Note: including file:    C:\Program Files (x86)\Windows Kits\8.1\Include\um\winscard.h
         Note: including file:     C:\Program Files (x86)\Windows Kits\8.1\Include\shared\wtypes.h
         Note: including file:      c:\program files (x86)\windows kits\8.1\include\shared\rpcndr.h
         Note: including file:       C:\Program Files (x86)\Windows Kits\8.1\Include\shared\pshpack8.h
         Note: including file:       C:\Program Files (x86)\Windows Kits\8.1\Include\um\rpcnsip.h
         Note: including file:       C:\Program Files (x86)\Windows Kits\8.1\Include\shared\rpcsal.h
         Note: including file:       C:\Program Files (x86)\Windows Kits\8.1\Include\shared\poppack.h
         Note: including file:      c:\program files (x86)\windows kits\8.1\include\shared\wtypesbase.h
         Note: including file:       c:\program files (x86)\windows kits\8.1\include\shared\guiddef.h
         Note: including file:     C:\Program Files (x86)\Windows Kits\8.1\Include\um\winioctl.h
         Note: including file:      C:\Program Files (x86)\Windows Kits\8.1\Include\shared\pshpack1.h
         Note: including file:      C:\Program Files (x86)\Windows Kits\8.1\Include\shared\poppack.h
         Note: including file:      C:\Program Files (x86)\Windows Kits\8.1\Include\shared\pshpack1.h
         Note: including file:      C:\Program Files (x86)\Windows Kits\8.1\Include\shared\poppack.h
         Note: including file:      C:\Program Files (x86)\Windows Kits\8.1\Include\shared\pshpack1.h
         Note: including file:      C:\Program Files (x86)\Windows Kits\8.1\Include\shared\poppack.h
         Note: including file:      C:\Program Files (x86)\Windows Kits\8.1\Include\shared\pshpack1.h
         Note: including file:      C:\Program Files (x86)\Windows Kits\8.1\Include\shared\poppack.h
         Note: including file:      C:\Program Files (x86)\Windows Kits\8.1\Include\shared\pshpack1.h
         Note: including file:      C:\Program Files (x86)\Windows Kits\8.1\Include\shared\poppack.h
         Note: including file:      C:\Program Files (x86)\Windows Kits\8.1\Include\shared\pshpack1.h
         Note: including file:      C:\Program Files (x86)\Windows Kits\8.1\Include\shared\poppack.h
         Note: including file:      C:\Program Files (x86)\Windows Kits\8.1\Include\shared\pshpack1.h
         Note: including file:      C:\Program Files (x86)\Windows Kits\8.1\Include\shared\poppack.h
         Note: including file:     C:\Program Files (x86)\Windows Kits\8.1\Include\shared\winsmcrd.h
         Note: including file:    C:\Program Files (x86)\Windows Kits\8.1\Include\um\winspool.h
         Note: including file:     C:\Program Files (x86)\Windows Kits\8.1\Include\um\prsht.h
         Note: including file:      C:\Program Files (x86)\Windows Kits\8.1\Include\shared\pshpack4.h
         Note: including file:      C:\Program Files (x86)\Windows Kits\8.1\Include\shared\poppack.h
         Note: including file:    C:\Program Files (x86)\Windows Kits\8.1\Include\um\ole2.h
         Note: including file:     C:\Program Files (x86)\Windows Kits\8.1\Include\shared\pshpack8.h
         Note: including file:     C:\Program Files (x86)\Windows Kits\8.1\Include\um\objbase.h
         Note: including file:      C:\Program Files (x86)\Windows Kits\8.1\Include\shared\pshpack8.h
         Note: including file:      C:\Program Files (x86)\Windows Kits\8.1\Include\um\combaseapi.h
         Note: including file:       C:\Program Files (x86)\Windows Kits\8.1\Include\shared\pshpack8.h
         Note: including file:       C:\Program Files (x86)\Windows Kits\8.1\Include\um\unknwnbase.h
         Note: including file:       C:\Program Files (x86)\Windows Kits\8.1\Include\um\objidlbase.h
         Note: including file:       C:\Program Files (x86)\Windows Kits\8.1\Include\shared\guiddef.h
         Note: including file:       C:\Program Files (x86)\Windows Kits\8.1\Include\um\cguid.h
         Note: including file:       C:\Program Files (x86)\Windows Kits\8.1\Include\shared\poppack.h
         Note: including file:      C:\Program Files (x86)\Windows Kits\8.1\Include\um\objidl.h
         Note: including file:       c:\program files (x86)\windows kits\8.1\include\um\unknwn.h
         Note: including file:      C:\Program Files (x86)\Windows Kits\8.1\Include\um\urlmon.h
         Note: including file:       c:\program files (x86)\windows kits\8.1\include\um\oleidl.h
         Note: including file:       c:\program files (x86)\windows kits\8.1\include\um\servprov.h
         Note: including file:       c:\program files (x86)\windows kits\8.1\include\um\msxml.h
         Note: including file:        c:\program files (x86)\windows kits\8.1\include\um\oaidl.h
         Note: including file:      C:\Program Files (x86)\Windows Kits\8.1\Include\um\propidl.h
         Note: including file:      C:\Program Files (x86)\Windows Kits\8.1\Include\shared\poppack.h
         Note: including file:     C:\Program Files (x86)\Windows Kits\8.1\Include\um\oleauto.h
         Note: including file:      C:\Program Files (x86)\Windows Kits\8.1\Include\shared\pshpack8.h
         Note: including file:      C:\Program Files (x86)\Windows Kits\8.1\Include\shared\poppack.h
         Note: including file:     C:\Program Files (x86)\Windows Kits\8.1\Include\shared\poppack.h
         Note: including file:    C:\Program Files (x86)\Windows Kits\8.1\Include\um\commdlg.h
         Note: including file:     C:\Program Files (x86)\Windows Kits\8.1\Include\um\prsht.h
         Note: including file:     C:\Program Files (x86)\Windows Kits\8.1\Include\shared\pshpack1.h
         Note: including file:     C:\Program Files (x86)\Windows Kits\8.1\Include\shared\poppack.h
         Note: including file:    C:\Program Files (x86)\Windows Kits\8.1\Include\shared\stralign.h
         Note: including file:    C:\Program Files (x86)\Windows Kits\8.1\Include\um\winsvc.h
         Note: including file:    C:\Program Files (x86)\Windows Kits\8.1\Include\um\mcx.h
         Note: including file:    C:\Program Files (x86)\Windows Kits\8.1\Include\um\imm.h
         Note: including file:     C:\Program Files (x86)\Windows Kits\8.1\Include\um\ime_cmodes.h
       Link:
         D:\Program Files (x86)\Microsoft Visual Studio 12.0\VC\bin\link.exe /ERRORREPORT:PROMPT /OUT:"D:\Users\David\Documents\GitHub\GameDevelopment\desenvolupament_classe_1\Debug\Motor 2D.exe" /INCREMENTAL /NOLOGO kernel32.lib user32.lib gdi32.lib winspool.lib comdlg32.lib advapi32.lib shell32.lib ole32.lib oleaut32.lib uuid.lib odbc32.lib odbccp32.lib /MANIFEST /MANIFESTUAC:"level='asInvoker' uiAccess='false'" /manifest:embed /DEBUG /PDB:"D:\Users\David\Documents\GitHub\GameDevelopment\desenvolupament_classe_1\Debug\Motor 2D.pdb" /SUBSYSTEM:WINDOWS /TLBID:1 /DYNAMICBASE /NXCOMPAT /IMPLIB:"D:\Users\David\Documents\GitHub\GameDevelopment\desenvolupament_classe_1\Debug\Motor 2D.lib" /MACHINE:X86 Debug\j1Main.obj
         Debug\j1App.obj
         Debug\j1Audio.obj
         Debug\j1Input.obj
         Debug\j1Scene.obj
         Debug\j1FileSystem.obj
         Debug\p2Log.obj
         Debug\j1Render.obj
         Debug\j1Textures.obj
         Debug\j1Window.obj
            Creating library D:\Users\David\Documents\GitHub\GameDevelopment\desenvolupament_classe_1\Debug\Motor 2D.lib and object D:\Users\David\Documents\GitHub\GameDevelopment\desenvolupament_classe_1\Debug\Motor 2D.exp
         Motor2D.vcxproj -> D:\Users\David\Documents\GitHub\GameDevelopment\desenvolupament_classe_1\Debug\Motor 2D.exe
     1>Done Building Project "D:\Users\David\Documents\GitHub\GameDevelopment\desenvolupament_classe_1\Motor2D\Motor2D.vcxproj" (Build target(s)).

Build succeeded.

Time Elapsed 00:00:00.87
